[2024-05-20 21:27:02] local.ERROR: Required @OA\PathItem() not found {"exception":"[object] (ErrorException(code: 0): Required @OA\\PathItem() not found at C:\\Users\\STEVEN\\Documents\\www\\my-api\\vendor\\zircote\\swagger-php\\src\\Loggers\\DefaultLogger.php:31)
[stacktrace]
#0 C:\\Users\\STEVEN\\Documents\\www\\my-api\\vendor\\laravel\\framework\\src\\Illuminate\\Foundation\\Bootstrap\\HandleExceptions.php(256): Illuminate\\Foundation\\Bootstrap\\HandleExceptions->handleError(512, 'Required @OA\\\\Pa...', 'C:\\\\Users\\\\STEVEN...', 31)
#1 [internal function]: Illuminate\\Foundation\\Bootstrap\\HandleExceptions->Illuminate\\Foundation\\Bootstrap\\{closure}(512, 'Required @OA\\\\Pa...', 'C:\\\\Users\\\\STEVEN...', 31)
#2 C:\\Users\\STEVEN\\Documents\\www\\my-api\\vendor\\zircote\\swagger-php\\src\\Loggers\\DefaultLogger.php(31): trigger_error('Required @OA\\\\Pa...', 512)
#3 C:\\Users\\STEVEN\\Documents\\www\\my-api\\vendor\\psr\\log\\src\\LoggerTrait.php(86): OpenApi\\Loggers\\DefaultLogger->log('warning', 'Required @OA\\\\Pa...', Array)
#4 C:\\Users\\STEVEN\\Documents\\www\\my-api\\vendor\\zircote\\swagger-php\\src\\Annotations\\OpenApi.php(156): Psr\\Log\\AbstractLogger->warning('Required @OA\\\\Pa...')
#5 C:\\Users\\STEVEN\\Documents\\www\\my-api\\vendor\\zircote\\swagger-php\\src\\Analysis.php(440): OpenApi\\Annotations\\OpenApi->validate()
#6 C:\\Users\\STEVEN\\Documents\\www\\my-api\\vendor\\zircote\\swagger-php\\src\\Generator.php(469): OpenApi\\Analysis->validate()
#7 C:\\Users\\STEVEN\\Documents\\www\\my-api\\vendor\\darkaonline\\l5-swagger\\src\\Generator.php(191): OpenApi\\Generator->generate(Object(Symfony\\Component\\Finder\\Finder), Object(OpenApi\\Analysis))
#8 C:\\Users\\STEVEN\\Documents\\www\\my-api\\vendor\\darkaonline\\l5-swagger\\src\\Generator.php(132): L5Swagger\\Generator->scanFilesForDocumentation()
#9 C:\\Users\\STEVEN\\Documents\\www\\my-api\\vendor\\darkaonline\\l5-swagger\\src\\Console\\GenerateDocsCommand.php(72): L5Swagger\\Generator->generateDocs()
#10 C:\\Users\\STEVEN\\Documents\\www\\my-api\\vendor\\darkaonline\\l5-swagger\\src\\Console\\GenerateDocsCommand.php(58): L5Swagger\\Console\\GenerateDocsCommand->generateDocumentation(Object(L5Swagger\\GeneratorFactory), 'default')
#11 C:\\Users\\STEVEN\\Documents\\www\\my-api\\vendor\\laravel\\framework\\src\\Illuminate\\Container\\BoundMethod.php(36): L5Swagger\\Console\\GenerateDocsCommand->handle(Object(L5Swagger\\GeneratorFactory))
#12 C:\\Users\\STEVEN\\Documents\\www\\my-api\\vendor\\laravel\\framework\\src\\Illuminate\\Container\\Util.php(41): Illuminate\\Container\\BoundMethod::Illuminate\\Container\\{closure}()
#13 C:\\Users\\STEVEN\\Documents\\www\\my-api\\vendor\\laravel\\framework\\src\\Illuminate\\Container\\BoundMethod.php(93): Illuminate\\Container\\Util::unwrapIfClosure(Object(Closure))
#14 C:\\Users\\STEVEN\\Documents\\www\\my-api\\vendor\\laravel\\framework\\src\\Illuminate\\Container\\BoundMethod.php(35): Illuminate\\Container\\BoundMethod::callBoundMethod(Object(Illuminate\\Foundation\\Application), Array, Object(Closure))
#15 C:\\Users\\STEVEN\\Documents\\www\\my-api\\vendor\\laravel\\framework\\src\\Illuminate\\Container\\Container.php(662): Illuminate\\Container\\BoundMethod::call(Object(Illuminate\\Foundation\\Application), Array, Array, NULL)
#16 C:\\Users\\STEVEN\\Documents\\www\\my-api\\vendor\\laravel\\framework\\src\\Illuminate\\Console\\Command.php(212): Illuminate\\Container\\Container->call(Array)
#17 C:\\Users\\STEVEN\\Documents\\www\\my-api\\vendor\\symfony\\console\\Command\\Command.php(279): Illuminate\\Console\\Command->execute(Object(Symfony\\Component\\Console\\Input\\ArgvInput), Object(Illuminate\\Console\\OutputStyle))
#18 C:\\Users\\STEVEN\\Documents\\www\\my-api\\vendor\\laravel\\framework\\src\\Illuminate\\Console\\Command.php(181): Symfony\\Component\\Console\\Command\\Command->run(Object(Symfony\\Component\\Console\\Input\\ArgvInput), Object(Illuminate\\Console\\OutputStyle))
#19 C:\\Users\\STEVEN\\Documents\\www\\my-api\\vendor\\symfony\\console\\Application.php(1049): Illuminate\\Console\\Command->run(Object(Symfony\\Component\\Console\\Input\\ArgvInput), Object(Symfony\\Component\\Console\\Output\\ConsoleOutput))
#20 C:\\Users\\STEVEN\\Documents\\www\\my-api\\vendor\\symfony\\console\\Application.php(318): Symfony\\Component\\Console\\Application->doRunCommand(Object(L5Swagger\\Console\\GenerateDocsCommand), Object(Symfony\\Component\\Console\\Input\\ArgvInput), Object(Symfony\\Component\\Console\\Output\\ConsoleOutput))
#21 C:\\Users\\STEVEN\\Documents\\www\\my-api\\vendor\\symfony\\console\\Application.php(169): Symfony\\Component\\Console\\Application->doRun(Object(Symfony\\Component\\Console\\Input\\ArgvInput), Object(Symfony\\Component\\Console\\Output\\ConsoleOutput))
#22 C:\\Users\\STEVEN\\Documents\\www\\my-api\\vendor\\laravel\\framework\\src\\Illuminate\\Foundation\\Console\\Kernel.php(196): Symfony\\Component\\Console\\Application->run(Object(Symfony\\Component\\Console\\Input\\ArgvInput), Object(Symfony\\Component\\Console\\Output\\ConsoleOutput))
#23 C:\\Users\\STEVEN\\Documents\\www\\my-api\\vendor\\laravel\\framework\\src\\Illuminate\\Foundation\\Application.php(1187): Illuminate\\Foundation\\Console\\Kernel->handle(Object(Symfony\\Component\\Console\\Input\\ArgvInput), Object(Symfony\\Component\\Console\\Output\\ConsoleOutput))
#24 C:\\Users\\STEVEN\\Documents\\www\\my-api\\artisan(13): Illuminate\\Foundation\\Application->handleCommand(Object(Symfony\\Component\\Console\\Input\\ArgvInput))
#25 {main}
"} 
[2024-05-20 21:32:18] local.ERROR: [Syntax Error] Expected Doctrine\Common\Annotations\DocLexer::T_CLOSE_CURLY_BRACES, got 'Display' in \App\Http\Controllers\API\BookController->index() in C:\Users\STEVEN\Documents\www\my-api\app\Http\Controllers\API\BookController.php on line 22:25 {"exception":"[object] (ErrorException(code: 0): [Syntax Error] Expected Doctrine\\Common\\Annotations\\DocLexer::T_CLOSE_CURLY_BRACES, got 'Display' in \\App\\Http\\Controllers\\API\\BookController->index() in C:\\Users\\STEVEN\\Documents\\www\\my-api\\app\\Http\\Controllers\\API\\BookController.php on line 22:25 at C:\\Users\\STEVEN\\Documents\\www\\my-api\\vendor\\zircote\\swagger-php\\src\\Loggers\\DefaultLogger.php:31)
[stacktrace]
#0 C:\\Users\\STEVEN\\Documents\\www\\my-api\\vendor\\laravel\\framework\\src\\Illuminate\\Foundation\\Bootstrap\\HandleExceptions.php(256): Illuminate\\Foundation\\Bootstrap\\HandleExceptions->handleError(512, '[Syntax Error] ...', 'C:\\\\Users\\\\STEVEN...', 31)
#1 [internal function]: Illuminate\\Foundation\\Bootstrap\\HandleExceptions->Illuminate\\Foundation\\Bootstrap\\{closure}(512, '[Syntax Error] ...', 'C:\\\\Users\\\\STEVEN...', 31)
#2 C:\\Users\\STEVEN\\Documents\\www\\my-api\\vendor\\zircote\\swagger-php\\src\\Loggers\\DefaultLogger.php(31): trigger_error('[Syntax Error] ...', 512)
#3 C:\\Users\\STEVEN\\Documents\\www\\my-api\\vendor\\psr\\log\\src\\LoggerTrait.php(70): OpenApi\\Loggers\\DefaultLogger->log('error', '[Syntax Error] ...', Array)
#4 C:\\Users\\STEVEN\\Documents\\www\\my-api\\vendor\\zircote\\swagger-php\\src\\Analysers\\DocBlockParser.php(79): Psr\\Log\\AbstractLogger->error('[Syntax Error] ...', Array)
#5 C:\\Users\\STEVEN\\Documents\\www\\my-api\\vendor\\zircote\\swagger-php\\src\\Analysers\\DocBlockAnnotationFactory.php(58): OpenApi\\Analysers\\DocBlockParser->fromComment('/**\\n     * @OA\\\\...', Object(OpenApi\\Context))
#6 C:\\Users\\STEVEN\\Documents\\www\\my-api\\vendor\\zircote\\swagger-php\\src\\Analysers\\ReflectionAnalyser.php(138): OpenApi\\Analysers\\DocBlockAnnotationFactory->build(Object(ReflectionMethod), Object(OpenApi\\Context))
#7 C:\\Users\\STEVEN\\Documents\\www\\my-api\\vendor\\zircote\\swagger-php\\src\\Analysers\\ReflectionAnalyser.php(62): OpenApi\\Analysers\\ReflectionAnalyser->analyzeFqdn('App\\\\Http\\\\Contro...', Object(OpenApi\\Analysis), Array)
#8 C:\\Users\\STEVEN\\Documents\\www\\my-api\\vendor\\zircote\\swagger-php\\src\\Generator.php(495): OpenApi\\Analysers\\ReflectionAnalyser->fromFile('C:\\\\Users\\\\STEVEN...', Object(OpenApi\\Context))
#9 C:\\Users\\STEVEN\\Documents\\www\\my-api\\vendor\\zircote\\swagger-php\\src\\Generator.php(455): OpenApi\\Generator->scanSources(Object(Symfony\\Component\\Finder\\Finder), Object(OpenApi\\Analysis), Object(OpenApi\\Context))
#10 C:\\Users\\STEVEN\\Documents\\www\\my-api\\vendor\\darkaonline\\l5-swagger\\src\\Generator.php(191): OpenApi\\Generator->generate(Object(Symfony\\Component\\Finder\\Finder), Object(OpenApi\\Analysis))
#11 C:\\Users\\STEVEN\\Documents\\www\\my-api\\vendor\\darkaonline\\l5-swagger\\src\\Generator.php(132): L5Swagger\\Generator->scanFilesForDocumentation()
#12 C:\\Users\\STEVEN\\Documents\\www\\my-api\\vendor\\darkaonline\\l5-swagger\\src\\Console\\GenerateDocsCommand.php(72): L5Swagger\\Generator->generateDocs()
#13 C:\\Users\\STEVEN\\Documents\\www\\my-api\\vendor\\darkaonline\\l5-swagger\\src\\Console\\GenerateDocsCommand.php(58): L5Swagger\\Console\\GenerateDocsCommand->generateDocumentation(Object(L5Swagger\\GeneratorFactory), 'default')
#14 C:\\Users\\STEVEN\\Documents\\www\\my-api\\vendor\\laravel\\framework\\src\\Illuminate\\Container\\BoundMethod.php(36): L5Swagger\\Console\\GenerateDocsCommand->handle(Object(L5Swagger\\GeneratorFactory))
#15 C:\\Users\\STEVEN\\Documents\\www\\my-api\\vendor\\laravel\\framework\\src\\Illuminate\\Container\\Util.php(41): Illuminate\\Container\\BoundMethod::Illuminate\\Container\\{closure}()
#16 C:\\Users\\STEVEN\\Documents\\www\\my-api\\vendor\\laravel\\framework\\src\\Illuminate\\Container\\BoundMethod.php(93): Illuminate\\Container\\Util::unwrapIfClosure(Object(Closure))
#17 C:\\Users\\STEVEN\\Documents\\www\\my-api\\vendor\\laravel\\framework\\src\\Illuminate\\Container\\BoundMethod.php(35): Illuminate\\Container\\BoundMethod::callBoundMethod(Object(Illuminate\\Foundation\\Application), Array, Object(Closure))
#18 C:\\Users\\STEVEN\\Documents\\www\\my-api\\vendor\\laravel\\framework\\src\\Illuminate\\Container\\Container.php(662): Illuminate\\Container\\BoundMethod::call(Object(Illuminate\\Foundation\\Application), Array, Array, NULL)
#19 C:\\Users\\STEVEN\\Documents\\www\\my-api\\vendor\\laravel\\framework\\src\\Illuminate\\Console\\Command.php(212): Illuminate\\Container\\Container->call(Array)
#20 C:\\Users\\STEVEN\\Documents\\www\\my-api\\vendor\\symfony\\console\\Command\\Command.php(279): Illuminate\\Console\\Command->execute(Object(Symfony\\Component\\Console\\Input\\ArgvInput), Object(Illuminate\\Console\\OutputStyle))
#21 C:\\Users\\STEVEN\\Documents\\www\\my-api\\vendor\\laravel\\framework\\src\\Illuminate\\Console\\Command.php(181): Symfony\\Component\\Console\\Command\\Command->run(Object(Symfony\\Component\\Console\\Input\\ArgvInput), Object(Illuminate\\Console\\OutputStyle))
#22 C:\\Users\\STEVEN\\Documents\\www\\my-api\\vendor\\symfony\\console\\Application.php(1049): Illuminate\\Console\\Command->run(Object(Symfony\\Component\\Console\\Input\\ArgvInput), Object(Symfony\\Component\\Console\\Output\\ConsoleOutput))
#23 C:\\Users\\STEVEN\\Documents\\www\\my-api\\vendor\\symfony\\console\\Application.php(318): Symfony\\Component\\Console\\Application->doRunCommand(Object(L5Swagger\\Console\\GenerateDocsCommand), Object(Symfony\\Component\\Console\\Input\\ArgvInput), Object(Symfony\\Component\\Console\\Output\\ConsoleOutput))
#24 C:\\Users\\STEVEN\\Documents\\www\\my-api\\vendor\\symfony\\console\\Application.php(169): Symfony\\Component\\Console\\Application->doRun(Object(Symfony\\Component\\Console\\Input\\ArgvInput), Object(Symfony\\Component\\Console\\Output\\ConsoleOutput))
#25 C:\\Users\\STEVEN\\Documents\\www\\my-api\\vendor\\laravel\\framework\\src\\Illuminate\\Foundation\\Console\\Kernel.php(196): Symfony\\Component\\Console\\Application->run(Object(Symfony\\Component\\Console\\Input\\ArgvInput), Object(Symfony\\Component\\Console\\Output\\ConsoleOutput))
#26 C:\\Users\\STEVEN\\Documents\\www\\my-api\\vendor\\laravel\\framework\\src\\Illuminate\\Foundation\\Application.php(1187): Illuminate\\Foundation\\Console\\Kernel->handle(Object(Symfony\\Component\\Console\\Input\\ArgvInput), Object(Symfony\\Component\\Console\\Output\\ConsoleOutput))
#27 C:\\Users\\STEVEN\\Documents\\www\\my-api\\artisan(13): Illuminate\\Foundation\\Application->handleCommand(Object(Symfony\\Component\\Console\\Input\\ArgvInput))
#28 {main}
"} 
[2024-05-20 21:34:50] local.ERROR: [Syntax Error] Expected Doctrine\Common\Annotations\DocLexer::T_CLOSE_CURLY_BRACES, got 'Display' in \App\Http\Controllers\API\BookController->index() in C:\Users\STEVEN\Documents\www\my-api\app\Http\Controllers\API\BookController.php on line 23:25 {"exception":"[object] (ErrorException(code: 0): [Syntax Error] Expected Doctrine\\Common\\Annotations\\DocLexer::T_CLOSE_CURLY_BRACES, got 'Display' in \\App\\Http\\Controllers\\API\\BookController->index() in C:\\Users\\STEVEN\\Documents\\www\\my-api\\app\\Http\\Controllers\\API\\BookController.php on line 23:25 at C:\\Users\\STEVEN\\Documents\\www\\my-api\\vendor\\zircote\\swagger-php\\src\\Loggers\\DefaultLogger.php:31)
[stacktrace]
#0 C:\\Users\\STEVEN\\Documents\\www\\my-api\\vendor\\laravel\\framework\\src\\Illuminate\\Foundation\\Bootstrap\\HandleExceptions.php(256): Illuminate\\Foundation\\Bootstrap\\HandleExceptions->handleError(512, '[Syntax Error] ...', 'C:\\\\Users\\\\STEVEN...', 31)
#1 [internal function]: Illuminate\\Foundation\\Bootstrap\\HandleExceptions->Illuminate\\Foundation\\Bootstrap\\{closure}(512, '[Syntax Error] ...', 'C:\\\\Users\\\\STEVEN...', 31)
#2 C:\\Users\\STEVEN\\Documents\\www\\my-api\\vendor\\zircote\\swagger-php\\src\\Loggers\\DefaultLogger.php(31): trigger_error('[Syntax Error] ...', 512)
#3 C:\\Users\\STEVEN\\Documents\\www\\my-api\\vendor\\psr\\log\\src\\LoggerTrait.php(70): OpenApi\\Loggers\\DefaultLogger->log('error', '[Syntax Error] ...', Array)
#4 C:\\Users\\STEVEN\\Documents\\www\\my-api\\vendor\\zircote\\swagger-php\\src\\Analysers\\DocBlockParser.php(79): Psr\\Log\\AbstractLogger->error('[Syntax Error] ...', Array)
#5 C:\\Users\\STEVEN\\Documents\\www\\my-api\\vendor\\zircote\\swagger-php\\src\\Analysers\\DocBlockAnnotationFactory.php(58): OpenApi\\Analysers\\DocBlockParser->fromComment('/**\\n     * @OA\\\\...', Object(OpenApi\\Context))
#6 C:\\Users\\STEVEN\\Documents\\www\\my-api\\vendor\\zircote\\swagger-php\\src\\Analysers\\ReflectionAnalyser.php(138): OpenApi\\Analysers\\DocBlockAnnotationFactory->build(Object(ReflectionMethod), Object(OpenApi\\Context))
#7 C:\\Users\\STEVEN\\Documents\\www\\my-api\\vendor\\zircote\\swagger-php\\src\\Analysers\\ReflectionAnalyser.php(62): OpenApi\\Analysers\\ReflectionAnalyser->analyzeFqdn('App\\\\Http\\\\Contro...', Object(OpenApi\\Analysis), Array)
#8 C:\\Users\\STEVEN\\Documents\\www\\my-api\\vendor\\zircote\\swagger-php\\src\\Generator.php(495): OpenApi\\Analysers\\ReflectionAnalyser->fromFile('C:\\\\Users\\\\STEVEN...', Object(OpenApi\\Context))
#9 C:\\Users\\STEVEN\\Documents\\www\\my-api\\vendor\\zircote\\swagger-php\\src\\Generator.php(455): OpenApi\\Generator->scanSources(Object(Symfony\\Component\\Finder\\Finder), Object(OpenApi\\Analysis), Object(OpenApi\\Context))
#10 C:\\Users\\STEVEN\\Documents\\www\\my-api\\vendor\\darkaonline\\l5-swagger\\src\\Generator.php(191): OpenApi\\Generator->generate(Object(Symfony\\Component\\Finder\\Finder), Object(OpenApi\\Analysis))
#11 C:\\Users\\STEVEN\\Documents\\www\\my-api\\vendor\\darkaonline\\l5-swagger\\src\\Generator.php(132): L5Swagger\\Generator->scanFilesForDocumentation()
#12 C:\\Users\\STEVEN\\Documents\\www\\my-api\\vendor\\darkaonline\\l5-swagger\\src\\Console\\GenerateDocsCommand.php(72): L5Swagger\\Generator->generateDocs()
#13 C:\\Users\\STEVEN\\Documents\\www\\my-api\\vendor\\darkaonline\\l5-swagger\\src\\Console\\GenerateDocsCommand.php(58): L5Swagger\\Console\\GenerateDocsCommand->generateDocumentation(Object(L5Swagger\\GeneratorFactory), 'default')
#14 C:\\Users\\STEVEN\\Documents\\www\\my-api\\vendor\\laravel\\framework\\src\\Illuminate\\Container\\BoundMethod.php(36): L5Swagger\\Console\\GenerateDocsCommand->handle(Object(L5Swagger\\GeneratorFactory))
#15 C:\\Users\\STEVEN\\Documents\\www\\my-api\\vendor\\laravel\\framework\\src\\Illuminate\\Container\\Util.php(41): Illuminate\\Container\\BoundMethod::Illuminate\\Container\\{closure}()
#16 C:\\Users\\STEVEN\\Documents\\www\\my-api\\vendor\\laravel\\framework\\src\\Illuminate\\Container\\BoundMethod.php(93): Illuminate\\Container\\Util::unwrapIfClosure(Object(Closure))
#17 C:\\Users\\STEVEN\\Documents\\www\\my-api\\vendor\\laravel\\framework\\src\\Illuminate\\Container\\BoundMethod.php(35): Illuminate\\Container\\BoundMethod::callBoundMethod(Object(Illuminate\\Foundation\\Application), Array, Object(Closure))
#18 C:\\Users\\STEVEN\\Documents\\www\\my-api\\vendor\\laravel\\framework\\src\\Illuminate\\Container\\Container.php(662): Illuminate\\Container\\BoundMethod::call(Object(Illuminate\\Foundation\\Application), Array, Array, NULL)
#19 C:\\Users\\STEVEN\\Documents\\www\\my-api\\vendor\\laravel\\framework\\src\\Illuminate\\Console\\Command.php(212): Illuminate\\Container\\Container->call(Array)
#20 C:\\Users\\STEVEN\\Documents\\www\\my-api\\vendor\\symfony\\console\\Command\\Command.php(279): Illuminate\\Console\\Command->execute(Object(Symfony\\Component\\Console\\Input\\ArgvInput), Object(Illuminate\\Console\\OutputStyle))
#21 C:\\Users\\STEVEN\\Documents\\www\\my-api\\vendor\\laravel\\framework\\src\\Illuminate\\Console\\Command.php(181): Symfony\\Component\\Console\\Command\\Command->run(Object(Symfony\\Component\\Console\\Input\\ArgvInput), Object(Illuminate\\Console\\OutputStyle))
#22 C:\\Users\\STEVEN\\Documents\\www\\my-api\\vendor\\symfony\\console\\Application.php(1049): Illuminate\\Console\\Command->run(Object(Symfony\\Component\\Console\\Input\\ArgvInput), Object(Symfony\\Component\\Console\\Output\\ConsoleOutput))
#23 C:\\Users\\STEVEN\\Documents\\www\\my-api\\vendor\\symfony\\console\\Application.php(318): Symfony\\Component\\Console\\Application->doRunCommand(Object(L5Swagger\\Console\\GenerateDocsCommand), Object(Symfony\\Component\\Console\\Input\\ArgvInput), Object(Symfony\\Component\\Console\\Output\\ConsoleOutput))
#24 C:\\Users\\STEVEN\\Documents\\www\\my-api\\vendor\\symfony\\console\\Application.php(169): Symfony\\Component\\Console\\Application->doRun(Object(Symfony\\Component\\Console\\Input\\ArgvInput), Object(Symfony\\Component\\Console\\Output\\ConsoleOutput))
#25 C:\\Users\\STEVEN\\Documents\\www\\my-api\\vendor\\laravel\\framework\\src\\Illuminate\\Foundation\\Console\\Kernel.php(196): Symfony\\Component\\Console\\Application->run(Object(Symfony\\Component\\Console\\Input\\ArgvInput), Object(Symfony\\Component\\Console\\Output\\ConsoleOutput))
#26 C:\\Users\\STEVEN\\Documents\\www\\my-api\\vendor\\laravel\\framework\\src\\Illuminate\\Foundation\\Application.php(1187): Illuminate\\Foundation\\Console\\Kernel->handle(Object(Symfony\\Component\\Console\\Input\\ArgvInput), Object(Symfony\\Component\\Console\\Output\\ConsoleOutput))
#27 C:\\Users\\STEVEN\\Documents\\www\\my-api\\artisan(13): Illuminate\\Foundation\\Application->handleCommand(Object(Symfony\\Component\\Console\\Input\\ArgvInput))
#28 {main}
"} 
[2024-05-20 21:35:04] local.ERROR: [Syntax Error] Expected Doctrine\Common\Annotations\DocLexer::T_CLOSE_CURLY_BRACES, got 'Display' in \App\Http\Controllers\API\BookController->index() in C:\Users\STEVEN\Documents\www\my-api\app\Http\Controllers\API\BookController.php on line 27:25 {"exception":"[object] (ErrorException(code: 0): [Syntax Error] Expected Doctrine\\Common\\Annotations\\DocLexer::T_CLOSE_CURLY_BRACES, got 'Display' in \\App\\Http\\Controllers\\API\\BookController->index() in C:\\Users\\STEVEN\\Documents\\www\\my-api\\app\\Http\\Controllers\\API\\BookController.php on line 27:25 at C:\\Users\\STEVEN\\Documents\\www\\my-api\\vendor\\zircote\\swagger-php\\src\\Loggers\\DefaultLogger.php:31)
[stacktrace]
#0 C:\\Users\\STEVEN\\Documents\\www\\my-api\\vendor\\laravel\\framework\\src\\Illuminate\\Foundation\\Bootstrap\\HandleExceptions.php(256): Illuminate\\Foundation\\Bootstrap\\HandleExceptions->handleError(512, '[Syntax Error] ...', 'C:\\\\Users\\\\STEVEN...', 31)
#1 [internal function]: Illuminate\\Foundation\\Bootstrap\\HandleExceptions->Illuminate\\Foundation\\Bootstrap\\{closure}(512, '[Syntax Error] ...', 'C:\\\\Users\\\\STEVEN...', 31)
#2 C:\\Users\\STEVEN\\Documents\\www\\my-api\\vendor\\zircote\\swagger-php\\src\\Loggers\\DefaultLogger.php(31): trigger_error('[Syntax Error] ...', 512)
#3 C:\\Users\\STEVEN\\Documents\\www\\my-api\\vendor\\psr\\log\\src\\LoggerTrait.php(70): OpenApi\\Loggers\\DefaultLogger->log('error', '[Syntax Error] ...', Array)
#4 C:\\Users\\STEVEN\\Documents\\www\\my-api\\vendor\\zircote\\swagger-php\\src\\Analysers\\DocBlockParser.php(79): Psr\\Log\\AbstractLogger->error('[Syntax Error] ...', Array)
#5 C:\\Users\\STEVEN\\Documents\\www\\my-api\\vendor\\zircote\\swagger-php\\src\\Analysers\\DocBlockAnnotationFactory.php(58): OpenApi\\Analysers\\DocBlockParser->fromComment('/**\\n     * @OA\\\\...', Object(OpenApi\\Context))
#6 C:\\Users\\STEVEN\\Documents\\www\\my-api\\vendor\\zircote\\swagger-php\\src\\Analysers\\ReflectionAnalyser.php(138): OpenApi\\Analysers\\DocBlockAnnotationFactory->build(Object(ReflectionMethod), Object(OpenApi\\Context))
#7 C:\\Users\\STEVEN\\Documents\\www\\my-api\\vendor\\zircote\\swagger-php\\src\\Analysers\\ReflectionAnalyser.php(62): OpenApi\\Analysers\\ReflectionAnalyser->analyzeFqdn('App\\\\Http\\\\Contro...', Object(OpenApi\\Analysis), Array)
#8 C:\\Users\\STEVEN\\Documents\\www\\my-api\\vendor\\zircote\\swagger-php\\src\\Generator.php(495): OpenApi\\Analysers\\ReflectionAnalyser->fromFile('C:\\\\Users\\\\STEVEN...', Object(OpenApi\\Context))
#9 C:\\Users\\STEVEN\\Documents\\www\\my-api\\vendor\\zircote\\swagger-php\\src\\Generator.php(455): OpenApi\\Generator->scanSources(Object(Symfony\\Component\\Finder\\Finder), Object(OpenApi\\Analysis), Object(OpenApi\\Context))
#10 C:\\Users\\STEVEN\\Documents\\www\\my-api\\vendor\\darkaonline\\l5-swagger\\src\\Generator.php(191): OpenApi\\Generator->generate(Object(Symfony\\Component\\Finder\\Finder), Object(OpenApi\\Analysis))
#11 C:\\Users\\STEVEN\\Documents\\www\\my-api\\vendor\\darkaonline\\l5-swagger\\src\\Generator.php(132): L5Swagger\\Generator->scanFilesForDocumentation()
#12 C:\\Users\\STEVEN\\Documents\\www\\my-api\\vendor\\darkaonline\\l5-swagger\\src\\Console\\GenerateDocsCommand.php(72): L5Swagger\\Generator->generateDocs()
#13 C:\\Users\\STEVEN\\Documents\\www\\my-api\\vendor\\darkaonline\\l5-swagger\\src\\Console\\GenerateDocsCommand.php(58): L5Swagger\\Console\\GenerateDocsCommand->generateDocumentation(Object(L5Swagger\\GeneratorFactory), 'default')
#14 C:\\Users\\STEVEN\\Documents\\www\\my-api\\vendor\\laravel\\framework\\src\\Illuminate\\Container\\BoundMethod.php(36): L5Swagger\\Console\\GenerateDocsCommand->handle(Object(L5Swagger\\GeneratorFactory))
#15 C:\\Users\\STEVEN\\Documents\\www\\my-api\\vendor\\laravel\\framework\\src\\Illuminate\\Container\\Util.php(41): Illuminate\\Container\\BoundMethod::Illuminate\\Container\\{closure}()
#16 C:\\Users\\STEVEN\\Documents\\www\\my-api\\vendor\\laravel\\framework\\src\\Illuminate\\Container\\BoundMethod.php(93): Illuminate\\Container\\Util::unwrapIfClosure(Object(Closure))
#17 C:\\Users\\STEVEN\\Documents\\www\\my-api\\vendor\\laravel\\framework\\src\\Illuminate\\Container\\BoundMethod.php(35): Illuminate\\Container\\BoundMethod::callBoundMethod(Object(Illuminate\\Foundation\\Application), Array, Object(Closure))
#18 C:\\Users\\STEVEN\\Documents\\www\\my-api\\vendor\\laravel\\framework\\src\\Illuminate\\Container\\Container.php(662): Illuminate\\Container\\BoundMethod::call(Object(Illuminate\\Foundation\\Application), Array, Array, NULL)
#19 C:\\Users\\STEVEN\\Documents\\www\\my-api\\vendor\\laravel\\framework\\src\\Illuminate\\Console\\Command.php(212): Illuminate\\Container\\Container->call(Array)
#20 C:\\Users\\STEVEN\\Documents\\www\\my-api\\vendor\\symfony\\console\\Command\\Command.php(279): Illuminate\\Console\\Command->execute(Object(Symfony\\Component\\Console\\Input\\ArgvInput), Object(Illuminate\\Console\\OutputStyle))
#21 C:\\Users\\STEVEN\\Documents\\www\\my-api\\vendor\\laravel\\framework\\src\\Illuminate\\Console\\Command.php(181): Symfony\\Component\\Console\\Command\\Command->run(Object(Symfony\\Component\\Console\\Input\\ArgvInput), Object(Illuminate\\Console\\OutputStyle))
#22 C:\\Users\\STEVEN\\Documents\\www\\my-api\\vendor\\symfony\\console\\Application.php(1049): Illuminate\\Console\\Command->run(Object(Symfony\\Component\\Console\\Input\\ArgvInput), Object(Symfony\\Component\\Console\\Output\\ConsoleOutput))
#23 C:\\Users\\STEVEN\\Documents\\www\\my-api\\vendor\\symfony\\console\\Application.php(318): Symfony\\Component\\Console\\Application->doRunCommand(Object(L5Swagger\\Console\\GenerateDocsCommand), Object(Symfony\\Component\\Console\\Input\\ArgvInput), Object(Symfony\\Component\\Console\\Output\\ConsoleOutput))
#24 C:\\Users\\STEVEN\\Documents\\www\\my-api\\vendor\\symfony\\console\\Application.php(169): Symfony\\Component\\Console\\Application->doRun(Object(Symfony\\Component\\Console\\Input\\ArgvInput), Object(Symfony\\Component\\Console\\Output\\ConsoleOutput))
#25 C:\\Users\\STEVEN\\Documents\\www\\my-api\\vendor\\laravel\\framework\\src\\Illuminate\\Foundation\\Console\\Kernel.php(196): Symfony\\Component\\Console\\Application->run(Object(Symfony\\Component\\Console\\Input\\ArgvInput), Object(Symfony\\Component\\Console\\Output\\ConsoleOutput))
#26 C:\\Users\\STEVEN\\Documents\\www\\my-api\\vendor\\laravel\\framework\\src\\Illuminate\\Foundation\\Application.php(1187): Illuminate\\Foundation\\Console\\Kernel->handle(Object(Symfony\\Component\\Console\\Input\\ArgvInput), Object(Symfony\\Component\\Console\\Output\\ConsoleOutput))
#27 C:\\Users\\STEVEN\\Documents\\www\\my-api\\artisan(13): Illuminate\\Foundation\\Application->handleCommand(Object(Symfony\\Component\\Console\\Input\\ArgvInput))
#28 {main}
"} 
[2024-05-20 22:06:27] local.ERROR: [Semantical Error] Couldn't find constant example, \App\Http\Controllers\API\BookController->store() in C:\Users\STEVEN\Documents\www\my-api\app\Http\Controllers\API\BookController.php on line 74.; file=C:\Users\STEVEN\Documents\www\my-api\app\Http\Controllers\API\BookController.php {"exception":"[object] (ErrorException(code: 0): [Semantical Error] Couldn't find constant example, \\App\\Http\\Controllers\\API\\BookController->store() in C:\\Users\\STEVEN\\Documents\\www\\my-api\\app\\Http\\Controllers\\API\\BookController.php on line 74.; file=C:\\Users\\STEVEN\\Documents\\www\\my-api\\app\\Http\\Controllers\\API\\BookController.php at C:\\Users\\STEVEN\\Documents\\www\\my-api\\vendor\\zircote\\swagger-php\\src\\Loggers\\DefaultLogger.php:31)
[stacktrace]
#0 C:\\Users\\STEVEN\\Documents\\www\\my-api\\vendor\\laravel\\framework\\src\\Illuminate\\Foundation\\Bootstrap\\HandleExceptions.php(256): Illuminate\\Foundation\\Bootstrap\\HandleExceptions->handleError(512, '[Semantical Err...', 'C:\\\\Users\\\\STEVEN...', 31)
#1 [internal function]: Illuminate\\Foundation\\Bootstrap\\HandleExceptions->Illuminate\\Foundation\\Bootstrap\\{closure}(512, '[Semantical Err...', 'C:\\\\Users\\\\STEVEN...', 31)
#2 C:\\Users\\STEVEN\\Documents\\www\\my-api\\vendor\\zircote\\swagger-php\\src\\Loggers\\DefaultLogger.php(31): trigger_error('[Semantical Err...', 512)
#3 C:\\Users\\STEVEN\\Documents\\www\\my-api\\vendor\\psr\\log\\src\\LoggerTrait.php(70): OpenApi\\Loggers\\DefaultLogger->log('error', '[Semantical Err...', Array)
#4 C:\\Users\\STEVEN\\Documents\\www\\my-api\\vendor\\zircote\\swagger-php\\src\\Analysers\\DocBlockParser.php(81): Psr\\Log\\AbstractLogger->error('[Semantical Err...', Array)
#5 C:\\Users\\STEVEN\\Documents\\www\\my-api\\vendor\\zircote\\swagger-php\\src\\Analysers\\DocBlockAnnotationFactory.php(58): OpenApi\\Analysers\\DocBlockParser->fromComment('/**\\n     * @OA\\\\...', Object(OpenApi\\Context))
#6 C:\\Users\\STEVEN\\Documents\\www\\my-api\\vendor\\zircote\\swagger-php\\src\\Analysers\\ReflectionAnalyser.php(138): OpenApi\\Analysers\\DocBlockAnnotationFactory->build(Object(ReflectionMethod), Object(OpenApi\\Context))
#7 C:\\Users\\STEVEN\\Documents\\www\\my-api\\vendor\\zircote\\swagger-php\\src\\Analysers\\ReflectionAnalyser.php(62): OpenApi\\Analysers\\ReflectionAnalyser->analyzeFqdn('App\\\\Http\\\\Contro...', Object(OpenApi\\Analysis), Array)
#8 C:\\Users\\STEVEN\\Documents\\www\\my-api\\vendor\\zircote\\swagger-php\\src\\Generator.php(495): OpenApi\\Analysers\\ReflectionAnalyser->fromFile('C:\\\\Users\\\\STEVEN...', Object(OpenApi\\Context))
#9 C:\\Users\\STEVEN\\Documents\\www\\my-api\\vendor\\zircote\\swagger-php\\src\\Generator.php(455): OpenApi\\Generator->scanSources(Object(Symfony\\Component\\Finder\\Finder), Object(OpenApi\\Analysis), Object(OpenApi\\Context))
#10 C:\\Users\\STEVEN\\Documents\\www\\my-api\\vendor\\darkaonline\\l5-swagger\\src\\Generator.php(191): OpenApi\\Generator->generate(Object(Symfony\\Component\\Finder\\Finder), Object(OpenApi\\Analysis))
#11 C:\\Users\\STEVEN\\Documents\\www\\my-api\\vendor\\darkaonline\\l5-swagger\\src\\Generator.php(132): L5Swagger\\Generator->scanFilesForDocumentation()
#12 C:\\Users\\STEVEN\\Documents\\www\\my-api\\vendor\\darkaonline\\l5-swagger\\src\\Console\\GenerateDocsCommand.php(72): L5Swagger\\Generator->generateDocs()
#13 C:\\Users\\STEVEN\\Documents\\www\\my-api\\vendor\\darkaonline\\l5-swagger\\src\\Console\\GenerateDocsCommand.php(58): L5Swagger\\Console\\GenerateDocsCommand->generateDocumentation(Object(L5Swagger\\GeneratorFactory), 'default')
#14 C:\\Users\\STEVEN\\Documents\\www\\my-api\\vendor\\laravel\\framework\\src\\Illuminate\\Container\\BoundMethod.php(36): L5Swagger\\Console\\GenerateDocsCommand->handle(Object(L5Swagger\\GeneratorFactory))
#15 C:\\Users\\STEVEN\\Documents\\www\\my-api\\vendor\\laravel\\framework\\src\\Illuminate\\Container\\Util.php(41): Illuminate\\Container\\BoundMethod::Illuminate\\Container\\{closure}()
#16 C:\\Users\\STEVEN\\Documents\\www\\my-api\\vendor\\laravel\\framework\\src\\Illuminate\\Container\\BoundMethod.php(93): Illuminate\\Container\\Util::unwrapIfClosure(Object(Closure))
#17 C:\\Users\\STEVEN\\Documents\\www\\my-api\\vendor\\laravel\\framework\\src\\Illuminate\\Container\\BoundMethod.php(35): Illuminate\\Container\\BoundMethod::callBoundMethod(Object(Illuminate\\Foundation\\Application), Array, Object(Closure))
#18 C:\\Users\\STEVEN\\Documents\\www\\my-api\\vendor\\laravel\\framework\\src\\Illuminate\\Container\\Container.php(662): Illuminate\\Container\\BoundMethod::call(Object(Illuminate\\Foundation\\Application), Array, Array, NULL)
#19 C:\\Users\\STEVEN\\Documents\\www\\my-api\\vendor\\laravel\\framework\\src\\Illuminate\\Console\\Command.php(212): Illuminate\\Container\\Container->call(Array)
#20 C:\\Users\\STEVEN\\Documents\\www\\my-api\\vendor\\symfony\\console\\Command\\Command.php(279): Illuminate\\Console\\Command->execute(Object(Symfony\\Component\\Console\\Input\\ArgvInput), Object(Illuminate\\Console\\OutputStyle))
#21 C:\\Users\\STEVEN\\Documents\\www\\my-api\\vendor\\laravel\\framework\\src\\Illuminate\\Console\\Command.php(181): Symfony\\Component\\Console\\Command\\Command->run(Object(Symfony\\Component\\Console\\Input\\ArgvInput), Object(Illuminate\\Console\\OutputStyle))
#22 C:\\Users\\STEVEN\\Documents\\www\\my-api\\vendor\\symfony\\console\\Application.php(1049): Illuminate\\Console\\Command->run(Object(Symfony\\Component\\Console\\Input\\ArgvInput), Object(Symfony\\Component\\Console\\Output\\ConsoleOutput))
#23 C:\\Users\\STEVEN\\Documents\\www\\my-api\\vendor\\symfony\\console\\Application.php(318): Symfony\\Component\\Console\\Application->doRunCommand(Object(L5Swagger\\Console\\GenerateDocsCommand), Object(Symfony\\Component\\Console\\Input\\ArgvInput), Object(Symfony\\Component\\Console\\Output\\ConsoleOutput))
#24 C:\\Users\\STEVEN\\Documents\\www\\my-api\\vendor\\symfony\\console\\Application.php(169): Symfony\\Component\\Console\\Application->doRun(Object(Symfony\\Component\\Console\\Input\\ArgvInput), Object(Symfony\\Component\\Console\\Output\\ConsoleOutput))
#25 C:\\Users\\STEVEN\\Documents\\www\\my-api\\vendor\\laravel\\framework\\src\\Illuminate\\Foundation\\Console\\Kernel.php(196): Symfony\\Component\\Console\\Application->run(Object(Symfony\\Component\\Console\\Input\\ArgvInput), Object(Symfony\\Component\\Console\\Output\\ConsoleOutput))
#26 C:\\Users\\STEVEN\\Documents\\www\\my-api\\vendor\\laravel\\framework\\src\\Illuminate\\Foundation\\Application.php(1187): Illuminate\\Foundation\\Console\\Kernel->handle(Object(Symfony\\Component\\Console\\Input\\ArgvInput), Object(Symfony\\Component\\Console\\Output\\ConsoleOutput))
#27 C:\\Users\\STEVEN\\Documents\\www\\my-api\\artisan(13): Illuminate\\Foundation\\Application->handleCommand(Object(Symfony\\Component\\Console\\Input\\ArgvInput))
#28 {main}
"} 
[2024-05-20 22:07:38] local.ERROR: [Semantical Error] Couldn't find constant example, \App\Http\Controllers\API\BookController->store() in C:\Users\STEVEN\Documents\www\my-api\app\Http\Controllers\API\BookController.php on line 74.; file=C:\Users\STEVEN\Documents\www\my-api\app\Http\Controllers\API\BookController.php {"exception":"[object] (ErrorException(code: 0): [Semantical Error] Couldn't find constant example, \\App\\Http\\Controllers\\API\\BookController->store() in C:\\Users\\STEVEN\\Documents\\www\\my-api\\app\\Http\\Controllers\\API\\BookController.php on line 74.; file=C:\\Users\\STEVEN\\Documents\\www\\my-api\\app\\Http\\Controllers\\API\\BookController.php at C:\\Users\\STEVEN\\Documents\\www\\my-api\\vendor\\zircote\\swagger-php\\src\\Loggers\\DefaultLogger.php:31)
[stacktrace]
#0 C:\\Users\\STEVEN\\Documents\\www\\my-api\\vendor\\laravel\\framework\\src\\Illuminate\\Foundation\\Bootstrap\\HandleExceptions.php(256): Illuminate\\Foundation\\Bootstrap\\HandleExceptions->handleError(512, '[Semantical Err...', 'C:\\\\Users\\\\STEVEN...', 31)
#1 [internal function]: Illuminate\\Foundation\\Bootstrap\\HandleExceptions->Illuminate\\Foundation\\Bootstrap\\{closure}(512, '[Semantical Err...', 'C:\\\\Users\\\\STEVEN...', 31)
#2 C:\\Users\\STEVEN\\Documents\\www\\my-api\\vendor\\zircote\\swagger-php\\src\\Loggers\\DefaultLogger.php(31): trigger_error('[Semantical Err...', 512)
#3 C:\\Users\\STEVEN\\Documents\\www\\my-api\\vendor\\psr\\log\\src\\LoggerTrait.php(70): OpenApi\\Loggers\\DefaultLogger->log('error', '[Semantical Err...', Array)
#4 C:\\Users\\STEVEN\\Documents\\www\\my-api\\vendor\\zircote\\swagger-php\\src\\Analysers\\DocBlockParser.php(81): Psr\\Log\\AbstractLogger->error('[Semantical Err...', Array)
#5 C:\\Users\\STEVEN\\Documents\\www\\my-api\\vendor\\zircote\\swagger-php\\src\\Analysers\\DocBlockAnnotationFactory.php(58): OpenApi\\Analysers\\DocBlockParser->fromComment('/**\\n     * @OA\\\\...', Object(OpenApi\\Context))
#6 C:\\Users\\STEVEN\\Documents\\www\\my-api\\vendor\\zircote\\swagger-php\\src\\Analysers\\ReflectionAnalyser.php(138): OpenApi\\Analysers\\DocBlockAnnotationFactory->build(Object(ReflectionMethod), Object(OpenApi\\Context))
#7 C:\\Users\\STEVEN\\Documents\\www\\my-api\\vendor\\zircote\\swagger-php\\src\\Analysers\\ReflectionAnalyser.php(62): OpenApi\\Analysers\\ReflectionAnalyser->analyzeFqdn('App\\\\Http\\\\Contro...', Object(OpenApi\\Analysis), Array)
#8 C:\\Users\\STEVEN\\Documents\\www\\my-api\\vendor\\zircote\\swagger-php\\src\\Generator.php(495): OpenApi\\Analysers\\ReflectionAnalyser->fromFile('C:\\\\Users\\\\STEVEN...', Object(OpenApi\\Context))
#9 C:\\Users\\STEVEN\\Documents\\www\\my-api\\vendor\\zircote\\swagger-php\\src\\Generator.php(455): OpenApi\\Generator->scanSources(Object(Symfony\\Component\\Finder\\Finder), Object(OpenApi\\Analysis), Object(OpenApi\\Context))
#10 C:\\Users\\STEVEN\\Documents\\www\\my-api\\vendor\\darkaonline\\l5-swagger\\src\\Generator.php(191): OpenApi\\Generator->generate(Object(Symfony\\Component\\Finder\\Finder), Object(OpenApi\\Analysis))
#11 C:\\Users\\STEVEN\\Documents\\www\\my-api\\vendor\\darkaonline\\l5-swagger\\src\\Generator.php(132): L5Swagger\\Generator->scanFilesForDocumentation()
#12 C:\\Users\\STEVEN\\Documents\\www\\my-api\\vendor\\darkaonline\\l5-swagger\\src\\Console\\GenerateDocsCommand.php(72): L5Swagger\\Generator->generateDocs()
#13 C:\\Users\\STEVEN\\Documents\\www\\my-api\\vendor\\darkaonline\\l5-swagger\\src\\Console\\GenerateDocsCommand.php(58): L5Swagger\\Console\\GenerateDocsCommand->generateDocumentation(Object(L5Swagger\\GeneratorFactory), 'default')
#14 C:\\Users\\STEVEN\\Documents\\www\\my-api\\vendor\\laravel\\framework\\src\\Illuminate\\Container\\BoundMethod.php(36): L5Swagger\\Console\\GenerateDocsCommand->handle(Object(L5Swagger\\GeneratorFactory))
#15 C:\\Users\\STEVEN\\Documents\\www\\my-api\\vendor\\laravel\\framework\\src\\Illuminate\\Container\\Util.php(41): Illuminate\\Container\\BoundMethod::Illuminate\\Container\\{closure}()
#16 C:\\Users\\STEVEN\\Documents\\www\\my-api\\vendor\\laravel\\framework\\src\\Illuminate\\Container\\BoundMethod.php(93): Illuminate\\Container\\Util::unwrapIfClosure(Object(Closure))
#17 C:\\Users\\STEVEN\\Documents\\www\\my-api\\vendor\\laravel\\framework\\src\\Illuminate\\Container\\BoundMethod.php(35): Illuminate\\Container\\BoundMethod::callBoundMethod(Object(Illuminate\\Foundation\\Application), Array, Object(Closure))
#18 C:\\Users\\STEVEN\\Documents\\www\\my-api\\vendor\\laravel\\framework\\src\\Illuminate\\Container\\Container.php(662): Illuminate\\Container\\BoundMethod::call(Object(Illuminate\\Foundation\\Application), Array, Array, NULL)
#19 C:\\Users\\STEVEN\\Documents\\www\\my-api\\vendor\\laravel\\framework\\src\\Illuminate\\Console\\Command.php(212): Illuminate\\Container\\Container->call(Array)
#20 C:\\Users\\STEVEN\\Documents\\www\\my-api\\vendor\\symfony\\console\\Command\\Command.php(279): Illuminate\\Console\\Command->execute(Object(Symfony\\Component\\Console\\Input\\ArgvInput), Object(Illuminate\\Console\\OutputStyle))
#21 C:\\Users\\STEVEN\\Documents\\www\\my-api\\vendor\\laravel\\framework\\src\\Illuminate\\Console\\Command.php(181): Symfony\\Component\\Console\\Command\\Command->run(Object(Symfony\\Component\\Console\\Input\\ArgvInput), Object(Illuminate\\Console\\OutputStyle))
#22 C:\\Users\\STEVEN\\Documents\\www\\my-api\\vendor\\symfony\\console\\Application.php(1049): Illuminate\\Console\\Command->run(Object(Symfony\\Component\\Console\\Input\\ArgvInput), Object(Symfony\\Component\\Console\\Output\\ConsoleOutput))
#23 C:\\Users\\STEVEN\\Documents\\www\\my-api\\vendor\\symfony\\console\\Application.php(318): Symfony\\Component\\Console\\Application->doRunCommand(Object(L5Swagger\\Console\\GenerateDocsCommand), Object(Symfony\\Component\\Console\\Input\\ArgvInput), Object(Symfony\\Component\\Console\\Output\\ConsoleOutput))
#24 C:\\Users\\STEVEN\\Documents\\www\\my-api\\vendor\\symfony\\console\\Application.php(169): Symfony\\Component\\Console\\Application->doRun(Object(Symfony\\Component\\Console\\Input\\ArgvInput), Object(Symfony\\Component\\Console\\Output\\ConsoleOutput))
#25 C:\\Users\\STEVEN\\Documents\\www\\my-api\\vendor\\laravel\\framework\\src\\Illuminate\\Foundation\\Console\\Kernel.php(196): Symfony\\Component\\Console\\Application->run(Object(Symfony\\Component\\Console\\Input\\ArgvInput), Object(Symfony\\Component\\Console\\Output\\ConsoleOutput))
#26 C:\\Users\\STEVEN\\Documents\\www\\my-api\\vendor\\laravel\\framework\\src\\Illuminate\\Foundation\\Application.php(1187): Illuminate\\Foundation\\Console\\Kernel->handle(Object(Symfony\\Component\\Console\\Input\\ArgvInput), Object(Symfony\\Component\\Console\\Output\\ConsoleOutput))
#27 C:\\Users\\STEVEN\\Documents\\www\\my-api\\artisan(13): Illuminate\\Foundation\\Application->handleCommand(Object(Symfony\\Component\\Console\\Input\\ArgvInput))
#28 {main}
"} 
[2024-05-20 22:08:47] local.ERROR: [Semantical Error] Couldn't find constant example, \App\Http\Controllers\API\BookController->store() in C:\Users\STEVEN\Documents\www\my-api\app\Http\Controllers\API\BookController.php on line 74.; file=C:\Users\STEVEN\Documents\www\my-api\app\Http\Controllers\API\BookController.php {"exception":"[object] (ErrorException(code: 0): [Semantical Error] Couldn't find constant example, \\App\\Http\\Controllers\\API\\BookController->store() in C:\\Users\\STEVEN\\Documents\\www\\my-api\\app\\Http\\Controllers\\API\\BookController.php on line 74.; file=C:\\Users\\STEVEN\\Documents\\www\\my-api\\app\\Http\\Controllers\\API\\BookController.php at C:\\Users\\STEVEN\\Documents\\www\\my-api\\vendor\\zircote\\swagger-php\\src\\Loggers\\DefaultLogger.php:31)
[stacktrace]
#0 C:\\Users\\STEVEN\\Documents\\www\\my-api\\vendor\\laravel\\framework\\src\\Illuminate\\Foundation\\Bootstrap\\HandleExceptions.php(256): Illuminate\\Foundation\\Bootstrap\\HandleExceptions->handleError(512, '[Semantical Err...', 'C:\\\\Users\\\\STEVEN...', 31)
#1 [internal function]: Illuminate\\Foundation\\Bootstrap\\HandleExceptions->Illuminate\\Foundation\\Bootstrap\\{closure}(512, '[Semantical Err...', 'C:\\\\Users\\\\STEVEN...', 31)
#2 C:\\Users\\STEVEN\\Documents\\www\\my-api\\vendor\\zircote\\swagger-php\\src\\Loggers\\DefaultLogger.php(31): trigger_error('[Semantical Err...', 512)
#3 C:\\Users\\STEVEN\\Documents\\www\\my-api\\vendor\\psr\\log\\src\\LoggerTrait.php(70): OpenApi\\Loggers\\DefaultLogger->log('error', '[Semantical Err...', Array)
#4 C:\\Users\\STEVEN\\Documents\\www\\my-api\\vendor\\zircote\\swagger-php\\src\\Analysers\\DocBlockParser.php(81): Psr\\Log\\AbstractLogger->error('[Semantical Err...', Array)
#5 C:\\Users\\STEVEN\\Documents\\www\\my-api\\vendor\\zircote\\swagger-php\\src\\Analysers\\DocBlockAnnotationFactory.php(58): OpenApi\\Analysers\\DocBlockParser->fromComment('/**\\n     * @OA\\\\...', Object(OpenApi\\Context))
#6 C:\\Users\\STEVEN\\Documents\\www\\my-api\\vendor\\zircote\\swagger-php\\src\\Analysers\\ReflectionAnalyser.php(138): OpenApi\\Analysers\\DocBlockAnnotationFactory->build(Object(ReflectionMethod), Object(OpenApi\\Context))
#7 C:\\Users\\STEVEN\\Documents\\www\\my-api\\vendor\\zircote\\swagger-php\\src\\Analysers\\ReflectionAnalyser.php(62): OpenApi\\Analysers\\ReflectionAnalyser->analyzeFqdn('App\\\\Http\\\\Contro...', Object(OpenApi\\Analysis), Array)
#8 C:\\Users\\STEVEN\\Documents\\www\\my-api\\vendor\\zircote\\swagger-php\\src\\Generator.php(495): OpenApi\\Analysers\\ReflectionAnalyser->fromFile('C:\\\\Users\\\\STEVEN...', Object(OpenApi\\Context))
#9 C:\\Users\\STEVEN\\Documents\\www\\my-api\\vendor\\zircote\\swagger-php\\src\\Generator.php(455): OpenApi\\Generator->scanSources(Object(Symfony\\Component\\Finder\\Finder), Object(OpenApi\\Analysis), Object(OpenApi\\Context))
#10 C:\\Users\\STEVEN\\Documents\\www\\my-api\\vendor\\darkaonline\\l5-swagger\\src\\Generator.php(191): OpenApi\\Generator->generate(Object(Symfony\\Component\\Finder\\Finder), Object(OpenApi\\Analysis))
#11 C:\\Users\\STEVEN\\Documents\\www\\my-api\\vendor\\darkaonline\\l5-swagger\\src\\Generator.php(132): L5Swagger\\Generator->scanFilesForDocumentation()
#12 C:\\Users\\STEVEN\\Documents\\www\\my-api\\vendor\\darkaonline\\l5-swagger\\src\\Console\\GenerateDocsCommand.php(72): L5Swagger\\Generator->generateDocs()
#13 C:\\Users\\STEVEN\\Documents\\www\\my-api\\vendor\\darkaonline\\l5-swagger\\src\\Console\\GenerateDocsCommand.php(58): L5Swagger\\Console\\GenerateDocsCommand->generateDocumentation(Object(L5Swagger\\GeneratorFactory), 'default')
#14 C:\\Users\\STEVEN\\Documents\\www\\my-api\\vendor\\laravel\\framework\\src\\Illuminate\\Container\\BoundMethod.php(36): L5Swagger\\Console\\GenerateDocsCommand->handle(Object(L5Swagger\\GeneratorFactory))
#15 C:\\Users\\STEVEN\\Documents\\www\\my-api\\vendor\\laravel\\framework\\src\\Illuminate\\Container\\Util.php(41): Illuminate\\Container\\BoundMethod::Illuminate\\Container\\{closure}()
#16 C:\\Users\\STEVEN\\Documents\\www\\my-api\\vendor\\laravel\\framework\\src\\Illuminate\\Container\\BoundMethod.php(93): Illuminate\\Container\\Util::unwrapIfClosure(Object(Closure))
#17 C:\\Users\\STEVEN\\Documents\\www\\my-api\\vendor\\laravel\\framework\\src\\Illuminate\\Container\\BoundMethod.php(35): Illuminate\\Container\\BoundMethod::callBoundMethod(Object(Illuminate\\Foundation\\Application), Array, Object(Closure))
#18 C:\\Users\\STEVEN\\Documents\\www\\my-api\\vendor\\laravel\\framework\\src\\Illuminate\\Container\\Container.php(662): Illuminate\\Container\\BoundMethod::call(Object(Illuminate\\Foundation\\Application), Array, Array, NULL)
#19 C:\\Users\\STEVEN\\Documents\\www\\my-api\\vendor\\laravel\\framework\\src\\Illuminate\\Console\\Command.php(212): Illuminate\\Container\\Container->call(Array)
#20 C:\\Users\\STEVEN\\Documents\\www\\my-api\\vendor\\symfony\\console\\Command\\Command.php(279): Illuminate\\Console\\Command->execute(Object(Symfony\\Component\\Console\\Input\\ArgvInput), Object(Illuminate\\Console\\OutputStyle))
#21 C:\\Users\\STEVEN\\Documents\\www\\my-api\\vendor\\laravel\\framework\\src\\Illuminate\\Console\\Command.php(181): Symfony\\Component\\Console\\Command\\Command->run(Object(Symfony\\Component\\Console\\Input\\ArgvInput), Object(Illuminate\\Console\\OutputStyle))
#22 C:\\Users\\STEVEN\\Documents\\www\\my-api\\vendor\\symfony\\console\\Application.php(1049): Illuminate\\Console\\Command->run(Object(Symfony\\Component\\Console\\Input\\ArgvInput), Object(Symfony\\Component\\Console\\Output\\ConsoleOutput))
#23 C:\\Users\\STEVEN\\Documents\\www\\my-api\\vendor\\symfony\\console\\Application.php(318): Symfony\\Component\\Console\\Application->doRunCommand(Object(L5Swagger\\Console\\GenerateDocsCommand), Object(Symfony\\Component\\Console\\Input\\ArgvInput), Object(Symfony\\Component\\Console\\Output\\ConsoleOutput))
#24 C:\\Users\\STEVEN\\Documents\\www\\my-api\\vendor\\symfony\\console\\Application.php(169): Symfony\\Component\\Console\\Application->doRun(Object(Symfony\\Component\\Console\\Input\\ArgvInput), Object(Symfony\\Component\\Console\\Output\\ConsoleOutput))
#25 C:\\Users\\STEVEN\\Documents\\www\\my-api\\vendor\\laravel\\framework\\src\\Illuminate\\Foundation\\Console\\Kernel.php(196): Symfony\\Component\\Console\\Application->run(Object(Symfony\\Component\\Console\\Input\\ArgvInput), Object(Symfony\\Component\\Console\\Output\\ConsoleOutput))
#26 C:\\Users\\STEVEN\\Documents\\www\\my-api\\vendor\\laravel\\framework\\src\\Illuminate\\Foundation\\Application.php(1187): Illuminate\\Foundation\\Console\\Kernel->handle(Object(Symfony\\Component\\Console\\Input\\ArgvInput), Object(Symfony\\Component\\Console\\Output\\ConsoleOutput))
#27 C:\\Users\\STEVEN\\Documents\\www\\my-api\\artisan(13): Illuminate\\Foundation\\Application->handleCommand(Object(Symfony\\Component\\Console\\Input\\ArgvInput))
#28 {main}
"} 
[2024-05-20 22:12:03] local.ERROR: [Semantical Error] Couldn't find constant example, \App\Http\Controllers\API\BookController->update() in C:\Users\STEVEN\Documents\www\my-api\app\Http\Controllers\API\BookController.php on line 177.; file=C:\Users\STEVEN\Documents\www\my-api\app\Http\Controllers\API\BookController.php {"exception":"[object] (ErrorException(code: 0): [Semantical Error] Couldn't find constant example, \\App\\Http\\Controllers\\API\\BookController->update() in C:\\Users\\STEVEN\\Documents\\www\\my-api\\app\\Http\\Controllers\\API\\BookController.php on line 177.; file=C:\\Users\\STEVEN\\Documents\\www\\my-api\\app\\Http\\Controllers\\API\\BookController.php at C:\\Users\\STEVEN\\Documents\\www\\my-api\\vendor\\zircote\\swagger-php\\src\\Loggers\\DefaultLogger.php:31)
[stacktrace]
#0 C:\\Users\\STEVEN\\Documents\\www\\my-api\\vendor\\laravel\\framework\\src\\Illuminate\\Foundation\\Bootstrap\\HandleExceptions.php(256): Illuminate\\Foundation\\Bootstrap\\HandleExceptions->handleError(512, '[Semantical Err...', 'C:\\\\Users\\\\STEVEN...', 31)
#1 [internal function]: Illuminate\\Foundation\\Bootstrap\\HandleExceptions->Illuminate\\Foundation\\Bootstrap\\{closure}(512, '[Semantical Err...', 'C:\\\\Users\\\\STEVEN...', 31)
#2 C:\\Users\\STEVEN\\Documents\\www\\my-api\\vendor\\zircote\\swagger-php\\src\\Loggers\\DefaultLogger.php(31): trigger_error('[Semantical Err...', 512)
#3 C:\\Users\\STEVEN\\Documents\\www\\my-api\\vendor\\psr\\log\\src\\LoggerTrait.php(70): OpenApi\\Loggers\\DefaultLogger->log('error', '[Semantical Err...', Array)
#4 C:\\Users\\STEVEN\\Documents\\www\\my-api\\vendor\\zircote\\swagger-php\\src\\Analysers\\DocBlockParser.php(81): Psr\\Log\\AbstractLogger->error('[Semantical Err...', Array)
#5 C:\\Users\\STEVEN\\Documents\\www\\my-api\\vendor\\zircote\\swagger-php\\src\\Analysers\\DocBlockAnnotationFactory.php(58): OpenApi\\Analysers\\DocBlockParser->fromComment('/**\\n     * @OA\\\\...', Object(OpenApi\\Context))
#6 C:\\Users\\STEVEN\\Documents\\www\\my-api\\vendor\\zircote\\swagger-php\\src\\Analysers\\ReflectionAnalyser.php(138): OpenApi\\Analysers\\DocBlockAnnotationFactory->build(Object(ReflectionMethod), Object(OpenApi\\Context))
#7 C:\\Users\\STEVEN\\Documents\\www\\my-api\\vendor\\zircote\\swagger-php\\src\\Analysers\\ReflectionAnalyser.php(62): OpenApi\\Analysers\\ReflectionAnalyser->analyzeFqdn('App\\\\Http\\\\Contro...', Object(OpenApi\\Analysis), Array)
#8 C:\\Users\\STEVEN\\Documents\\www\\my-api\\vendor\\zircote\\swagger-php\\src\\Generator.php(495): OpenApi\\Analysers\\ReflectionAnalyser->fromFile('C:\\\\Users\\\\STEVEN...', Object(OpenApi\\Context))
#9 C:\\Users\\STEVEN\\Documents\\www\\my-api\\vendor\\zircote\\swagger-php\\src\\Generator.php(455): OpenApi\\Generator->scanSources(Object(Symfony\\Component\\Finder\\Finder), Object(OpenApi\\Analysis), Object(OpenApi\\Context))
#10 C:\\Users\\STEVEN\\Documents\\www\\my-api\\vendor\\darkaonline\\l5-swagger\\src\\Generator.php(191): OpenApi\\Generator->generate(Object(Symfony\\Component\\Finder\\Finder), Object(OpenApi\\Analysis))
#11 C:\\Users\\STEVEN\\Documents\\www\\my-api\\vendor\\darkaonline\\l5-swagger\\src\\Generator.php(132): L5Swagger\\Generator->scanFilesForDocumentation()
#12 C:\\Users\\STEVEN\\Documents\\www\\my-api\\vendor\\darkaonline\\l5-swagger\\src\\Console\\GenerateDocsCommand.php(72): L5Swagger\\Generator->generateDocs()
#13 C:\\Users\\STEVEN\\Documents\\www\\my-api\\vendor\\darkaonline\\l5-swagger\\src\\Console\\GenerateDocsCommand.php(58): L5Swagger\\Console\\GenerateDocsCommand->generateDocumentation(Object(L5Swagger\\GeneratorFactory), 'default')
#14 C:\\Users\\STEVEN\\Documents\\www\\my-api\\vendor\\laravel\\framework\\src\\Illuminate\\Container\\BoundMethod.php(36): L5Swagger\\Console\\GenerateDocsCommand->handle(Object(L5Swagger\\GeneratorFactory))
#15 C:\\Users\\STEVEN\\Documents\\www\\my-api\\vendor\\laravel\\framework\\src\\Illuminate\\Container\\Util.php(41): Illuminate\\Container\\BoundMethod::Illuminate\\Container\\{closure}()
#16 C:\\Users\\STEVEN\\Documents\\www\\my-api\\vendor\\laravel\\framework\\src\\Illuminate\\Container\\BoundMethod.php(93): Illuminate\\Container\\Util::unwrapIfClosure(Object(Closure))
#17 C:\\Users\\STEVEN\\Documents\\www\\my-api\\vendor\\laravel\\framework\\src\\Illuminate\\Container\\BoundMethod.php(35): Illuminate\\Container\\BoundMethod::callBoundMethod(Object(Illuminate\\Foundation\\Application), Array, Object(Closure))
#18 C:\\Users\\STEVEN\\Documents\\www\\my-api\\vendor\\laravel\\framework\\src\\Illuminate\\Container\\Container.php(662): Illuminate\\Container\\BoundMethod::call(Object(Illuminate\\Foundation\\Application), Array, Array, NULL)
#19 C:\\Users\\STEVEN\\Documents\\www\\my-api\\vendor\\laravel\\framework\\src\\Illuminate\\Console\\Command.php(212): Illuminate\\Container\\Container->call(Array)
#20 C:\\Users\\STEVEN\\Documents\\www\\my-api\\vendor\\symfony\\console\\Command\\Command.php(279): Illuminate\\Console\\Command->execute(Object(Symfony\\Component\\Console\\Input\\ArgvInput), Object(Illuminate\\Console\\OutputStyle))
#21 C:\\Users\\STEVEN\\Documents\\www\\my-api\\vendor\\laravel\\framework\\src\\Illuminate\\Console\\Command.php(181): Symfony\\Component\\Console\\Command\\Command->run(Object(Symfony\\Component\\Console\\Input\\ArgvInput), Object(Illuminate\\Console\\OutputStyle))
#22 C:\\Users\\STEVEN\\Documents\\www\\my-api\\vendor\\symfony\\console\\Application.php(1049): Illuminate\\Console\\Command->run(Object(Symfony\\Component\\Console\\Input\\ArgvInput), Object(Symfony\\Component\\Console\\Output\\ConsoleOutput))
#23 C:\\Users\\STEVEN\\Documents\\www\\my-api\\vendor\\symfony\\console\\Application.php(318): Symfony\\Component\\Console\\Application->doRunCommand(Object(L5Swagger\\Console\\GenerateDocsCommand), Object(Symfony\\Component\\Console\\Input\\ArgvInput), Object(Symfony\\Component\\Console\\Output\\ConsoleOutput))
#24 C:\\Users\\STEVEN\\Documents\\www\\my-api\\vendor\\symfony\\console\\Application.php(169): Symfony\\Component\\Console\\Application->doRun(Object(Symfony\\Component\\Console\\Input\\ArgvInput), Object(Symfony\\Component\\Console\\Output\\ConsoleOutput))
#25 C:\\Users\\STEVEN\\Documents\\www\\my-api\\vendor\\laravel\\framework\\src\\Illuminate\\Foundation\\Console\\Kernel.php(196): Symfony\\Component\\Console\\Application->run(Object(Symfony\\Component\\Console\\Input\\ArgvInput), Object(Symfony\\Component\\Console\\Output\\ConsoleOutput))
#26 C:\\Users\\STEVEN\\Documents\\www\\my-api\\vendor\\laravel\\framework\\src\\Illuminate\\Foundation\\Application.php(1187): Illuminate\\Foundation\\Console\\Kernel->handle(Object(Symfony\\Component\\Console\\Input\\ArgvInput), Object(Symfony\\Component\\Console\\Output\\ConsoleOutput))
#27 C:\\Users\\STEVEN\\Documents\\www\\my-api\\artisan(13): Illuminate\\Foundation\\Application->handleCommand(Object(Symfony\\Component\\Console\\Input\\ArgvInput))
#28 {main}
"} 
